<?xml version="1.0" encoding="UTF-8"?>
<!-- Generated by org.testng.reporters.JUnitXMLReporter -->
<testsuite ignored="0" hostname="LTIN226766" failures="0" tests="26" name="Default test" time="0.227" errors="0" timestamp="2024-01-22T09:47:28 IST">
  <testcase classname="testBase.BaseClass" name="@BeforeClass setup" time="-1.705897048403E9">
    <failure type="org.testng.TestNGException" message="
Parameter &amp;apos;os&amp;apos; is required by BeforeClass on method setup but has not been marked @Optional or defined
in C:\Users\2303447\AppData\Local\Temp\1\testng-eclipse-1180098582\testng-customsuite.xml">
      <![CDATA[org.testng.TestNGException: 
Parameter 'os' is required by BeforeClass on method setup but has not been marked @Optional or defined
in C:\Users\2303447\AppData\Local\Temp\1\testng-eclipse-1180098582\testng-customsuite.xml
at org.testng.internal.Parameters.createParams(Parameters.java:267)
at org.testng.internal.Parameters.createParametersForMethod(Parameters.java:355)
at org.testng.internal.Parameters.createParameters(Parameters.java:684)
at org.testng.internal.Parameters.createConfigurationParameters(Parameters.java:166)
at org.testng.internal.invokers.ConfigInvoker.invokeConfigurations(ConfigInvoker.java:306)
at org.testng.internal.invokers.TestMethodWorker.invokeBeforeClassMethods(TestMethodWorker.java:180)
at org.testng.internal.invokers.TestMethodWorker.run(TestMethodWorker.java:122)
at java.base/java.util.ArrayList.forEach(ArrayList.java:1511)
at org.testng.TestRunner.privateRun(TestRunner.java:848)
at org.testng.TestRunner.run(TestRunner.java:621)
at org.testng.SuiteRunner.runTest(SuiteRunner.java:443)
at org.testng.SuiteRunner.runSequentially(SuiteRunner.java:437)
at org.testng.SuiteRunner.privateRun(SuiteRunner.java:397)
at org.testng.SuiteRunner.run(SuiteRunner.java:336)
at org.testng.SuiteRunnerWorker.runSuite(SuiteRunnerWorker.java:52)
at org.testng.SuiteRunnerWorker.run(SuiteRunnerWorker.java:95)
at org.testng.TestNG.runSuitesSequentially(TestNG.java:1280)
at org.testng.TestNG.runSuitesLocally(TestNG.java:1200)
at org.testng.TestNG.runSuites(TestNG.java:1114)
at org.testng.TestNG.run(TestNG.java:1082)
at org.testng.remote.AbstractRemoteTestNG.run(AbstractRemoteTestNG.java:115)
at org.testng.remote.RemoteTestNG.initAndRun(RemoteTestNG.java:251)
at org.testng.remote.RemoteTestNG.main(RemoteTestNG.java:77)
]]>
    </failure>
  </testcase> <!-- @BeforeClass setup -->
  <testcase classname="testBase.BaseClass" name="@AfterClass tearDown" time="0.0">
    <skipped/>
  </testcase> <!-- @AfterClass tearDown -->
  <testcase classname="testCases.BeCogHomeTest" name="userEleClickTest" time="0.0">
    <skipped/>
  </testcase> <!-- userEleClickTest -->
  <testcase classname="testCases.BeCogHomeTest" name="getUserNameTest" time="0.0">
    <skipped/>
  </testcase> <!-- getUserNameTest -->
  <testcase classname="testCases.BeCogHomeTest" name="getUserEmailTest" time="0.0">
    <skipped/>
  </testcase> <!-- getUserEmailTest -->
  <testcase classname="testCases.BeCogHomeTest" name="visibilityOf1CTest" time="0.0">
    <skipped/>
  </testcase> <!-- visibilityOf1CTest -->
  <testcase classname="testCases.BeCogHomeTest" name="clickon1CTest" time="0.0">
    <skipped/>
  </testcase> <!-- clickon1CTest -->
  <testcase classname="testCases.BeCogHomeTest" name="swithTo1CTest" time="0.0">
    <skipped/>
  </testcase> <!-- swithTo1CTest -->
  <testcase classname="testCases.OneCogHomeTest" name="searchOutreachTest" time="0.0">
    <skipped/>
  </testcase> <!-- searchOutreachTest -->
  <testcase classname="testCases.OneCogHomeTest" name="outreachVisibilityTest" time="0.0">
    <skipped/>
  </testcase> <!-- outreachVisibilityTest -->
  <testcase classname="testCases.OutreachTest" name="eventsTest" time="0.0">
    <skipped/>
  </testcase> <!-- eventsTest -->
  <testcase classname="testCases.OutreachTest" name="eventTypeTest" time="0.0">
    <skipped/>
  </testcase> <!-- eventTypeTest -->
  <testcase classname="testCases.OutreachTest" name="clickOnWeekdayTest" time="0.0">
    <skipped/>
  </testcase> <!-- clickOnWeekdayTest -->
  <testcase classname="testCases.OutreachTest" name="disabledDateVerifyTest" time="0.0">
    <skipped/>
  </testcase> <!-- disabledDateVerifyTest -->
  <testcase classname="testCases.OutreachTest" name="selectDateTest" time="0.0">
    <skipped/>
  </testcase> <!-- selectDateTest -->
  <testcase classname="testCases.OutreachTest" name="clickOnSearchTest" time="0.0">
    <skipped/>
  </testcase> <!-- clickOnSearchTest -->
  <testcase classname="testCases.OutreachTest" name="defaultLocEventTest" time="0.0">
    <skipped/>
  </testcase> <!-- defaultLocEventTest -->
  <testcase classname="testCases.OutreachTest" name="randomLocEventTest" time="0.0">
    <skipped/>
  </testcase> <!-- randomLocEventTest -->
  <testcase classname="testCases.OutreachTest" name="eventsHeaderTest" time="0.0">
    <skipped/>
  </testcase> <!-- eventsHeaderTest -->
  <testcase classname="testCases.OutreachTest" name="donateHeaderTest" time="0.0">
    <skipped/>
  </testcase> <!-- donateHeaderTest -->
  <testcase classname="testCases.OutreachTest" name="exploreHeaderTest" time="0.0">
    <skipped/>
  </testcase> <!-- exploreHeaderTest -->
  <testcase classname="testCases.OutreachTest" name="readMoreHeaderTest" time="0.0">
    <skipped/>
  </testcase> <!-- readMoreHeaderTest -->
  <testcase classname="testCases.OutreachTest" name="myVolunteerDataTest" time="0.0">
    <skipped/>
  </testcase> <!-- myVolunteerDataTest -->
  <testcase classname="testCases.OutreachTest" name="ClickOnGoalsTest" time="0.0">
    <skipped/>
  </testcase> <!-- ClickOnGoalsTest -->
  <testcase classname="testCases.OutreachTest" name="myGoalDataTest" time="0.0">
    <skipped/>
  </testcase> <!-- myGoalDataTest -->
  <testcase classname="testCases.OutreachTest" name="pastGoalsDataTest" time="0.0">
    <skipped/>
  </testcase> <!-- pastGoalsDataTest -->
  <testcase classname="testCases.OutreachTest" name="clickOnVolunteersAroundMeTest" time="0.0">
    <skipped/>
  </testcase> <!-- clickOnVolunteersAroundMeTest -->
  <testcase classname="testCases.OutreachTest" name="appsNameTest" time="0.0">
    <skipped/>
  </testcase> <!-- appsNameTest -->
</testsuite> <!-- Default test -->
