<?xml version="1.0" encoding="UTF-8"?>
<!-- Generated by org.testng.reporters.JUnitXMLReporter -->
<testsuite ignored="0" hostname="LTIN226766" failures="0" tests="45" name="Main" time="15.388" errors="0" timestamp="2024-02-07T10:55:45 IST">
  <testcase classname="TestBase.BaseClass" name="@BeforeClass setup" time="14.435">
    <failure type="org.openqa.selenium.NoSuchWindowException" message="no such window: target window already closed
from unknown error: web view not found
  (Session info: MicrosoftEdge=121.0.2277.98)
Build info: version: &amp;apos;4.15.0&amp;apos;, revision: &amp;apos;1d14b5521b&amp;apos;
System info: os.name: &amp;apos;Windows 11&amp;apos;, os.arch: &amp;apos;amd64&amp;apos;, os.version: &amp;apos;10.0&amp;apos;, java.version: &amp;apos;17.0.9&amp;apos;
Driver info: org.openqa.selenium.edge.EdgeDriver
Command: [9b3da7f66860307969e33f7ebaa807a1, maximizeCurrentWindow {}]
Capabilities {acceptInsecureCerts: false, browserName: MicrosoftEdge, browserVersion: 121.0.2277.98, fedcm:accounts: true, ms:edgeOptions: {debuggerAddress: localhost:62097}, msedge: {msedgedriverVersion: 121.0.2277.106 (3a400d91a81..., userDataDir: C:\Windows\SystemTemp\scope...}, networkConnectionEnabled: false, pageLoadStrategy: normal, platformName: windows, proxy: Proxy(), se:cdp: ws://localhost:62097/devtoo..., se:cdpVersion: 121.0.2277.98, setWindowRect: true, strictFileInteractability: false, timeouts: {implicit: 0, pageLoad: 300000, script: 30000}, unhandledPromptBehavior: dismiss and notify, webauthn:extension:credBlob: true, webauthn:extension:largeBlob: true, webauthn:extension:minPinLength: true, webauthn:extension:prf: true, webauthn:virtualAuthenticators: true}
Session ID: 9b3da7f66860307969e33f7ebaa807a1">
      <![CDATA[org.openqa.selenium.NoSuchWindowException: no such window: target window already closed
from unknown error: web view not found
  (Session info: MicrosoftEdge=121.0.2277.98)
Build info: version: '4.15.0', revision: '1d14b5521b'
System info: os.name: 'Windows 11', os.arch: 'amd64', os.version: '10.0', java.version: '17.0.9'
Driver info: org.openqa.selenium.edge.EdgeDriver
Command: [9b3da7f66860307969e33f7ebaa807a1, maximizeCurrentWindow {}]
Capabilities {acceptInsecureCerts: false, browserName: MicrosoftEdge, browserVersion: 121.0.2277.98, fedcm:accounts: true, ms:edgeOptions: {debuggerAddress: localhost:62097}, msedge: {msedgedriverVersion: 121.0.2277.106 (3a400d91a81..., userDataDir: C:\Windows\SystemTemp\scope...}, networkConnectionEnabled: false, pageLoadStrategy: normal, platformName: windows, proxy: Proxy(), se:cdp: ws://localhost:62097/devtoo..., se:cdpVersion: 121.0.2277.98, setWindowRect: true, strictFileInteractability: false, timeouts: {implicit: 0, pageLoad: 300000, script: 30000}, unhandledPromptBehavior: dismiss and notify, webauthn:extension:credBlob: true, webauthn:extension:largeBlob: true, webauthn:extension:minPinLength: true, webauthn:extension:prf: true, webauthn:virtualAuthenticators: true}
Session ID: 9b3da7f66860307969e33f7ebaa807a1
at org.openqa.selenium.remote.codec.w3c.W3CHttpResponseCodec.createException(W3CHttpResponseCodec.java:200)
at org.openqa.selenium.remote.codec.w3c.W3CHttpResponseCodec.decode(W3CHttpResponseCodec.java:133)
at org.openqa.selenium.remote.codec.w3c.W3CHttpResponseCodec.decode(W3CHttpResponseCodec.java:52)
at org.openqa.selenium.remote.HttpCommandExecutor.execute(HttpCommandExecutor.java:191)
at org.openqa.selenium.remote.service.DriverCommandExecutor.invokeExecute(DriverCommandExecutor.java:200)
at org.openqa.selenium.remote.service.DriverCommandExecutor.execute(DriverCommandExecutor.java:175)
at org.openqa.selenium.remote.RemoteWebDriver.execute(RemoteWebDriver.java:607)
at org.openqa.selenium.remote.RemoteWebDriver.execute(RemoteWebDriver.java:680)
at org.openqa.selenium.remote.RemoteWebDriver.execute(RemoteWebDriver.java:684)
at org.openqa.selenium.remote.RemoteWebDriver$RemoteWebDriverOptions$RemoteWindow.maximize(RemoteWebDriver.java:1123)
at TestBase.BaseClass.setup(BaseClass.java:53)
at java.base/java.util.ArrayList.forEach(ArrayList.java:1511)
... Removed 34 stack frames]]>
    </failure>
  </testcase> <!-- @BeforeClass setup -->
  <testcase classname="TestBase.BaseClass" name="@AfterClass tearDown" time="0.0">
    <skipped/>
  </testcase> <!-- @AfterClass tearDown -->
  <testcase classname="TestCases.GoogleHome_Test" name="search_action" time="0.0">
    <skipped/>
  </testcase> <!-- search_action -->
  <testcase classname="TestCases.GoogleHome_Test" name="search" time="0.001">
    <skipped/>
  </testcase> <!-- search -->
  <testcase classname="TestCases.GoogleHome_Test" name="open_webpage" time="0.0">
    <skipped/>
  </testcase> <!-- open_webpage -->
  <testcase classname="TestCases.EMI_CalculatorHomePage_TEST" name="clickONCarloan" time="0.0">
    <skipped/>
  </testcase> <!-- clickONCarloan -->
  <testcase classname="TestCases.EMI_CalculatorHomePage_TEST" name="refreshPage" time="0.0">
    <skipped/>
  </testcase> <!-- refreshPage -->
  <testcase classname="TestCases.EMI_CalculatorHomePage_TEST" name="load_EMICalculator_LINK" time="0.0">
    <skipped/>
  </testcase> <!-- load_EMICalculator_LINK -->
  <testcase classname="TestCases.HomeLoanEMICalculator_Test" name="HomeLoan_Validation" time="0.0">
    <skipped/>
  </testcase> <!-- HomeLoan_Validation -->
  <testcase classname="TestCases.HomeLoanEMICalculator_Test" name="setHomeValue_InCalculator" time="0.0">
    <skipped/>
  </testcase> <!-- setHomeValue_InCalculator -->
  <testcase classname="TestCases.HomeLoanEMICalculator_Test" name="setDownPayment_InCalculator" time="0.0">
    <skipped/>
  </testcase> <!-- setDownPayment_InCalculator -->
  <testcase classname="TestCases.HomeLoanEMICalculator_Test" name="setting_LoanInsurance_Amount" time="0.001">
    <skipped/>
  </testcase> <!-- setting_LoanInsurance_Amount -->
  <testcase classname="TestCases.HomeLoanEMICalculator_Test" name="Loan_Amt_Validation" time="0.0">
    <skipped/>
  </testcase> <!-- Loan_Amt_Validation -->
  <testcase classname="TestCases.HomeLoanEMICalculator_Test" name="set_Interest_Rate" time="0.0">
    <skipped/>
  </testcase> <!-- set_Interest_Rate -->
  <testcase classname="TestCases.HomeLoanEMICalculator_Test" name="Setting_Loan_Duration" time="0.0">
    <skipped/>
  </testcase> <!-- Setting_Loan_Duration -->
  <testcase classname="TestCases.HomeLoanEMICalculator_Test" name="Loan_charges_set" time="0.0">
    <skipped/>
  </testcase> <!-- Loan_charges_set -->
  <testcase classname="TestCases.HomeLoanEMICalculator_Test" name="Loan_StartMonthAndYear_calenderOperations" time="0.0">
    <skipped/>
  </testcase> <!-- Loan_StartMonthAndYear_calenderOperations -->
  <testcase classname="TestCases.HomeLoanEMICalculator_Test" name="LoanStartMonthAndYear_setting" time="0.0">
    <skipped/>
  </testcase> <!-- LoanStartMonthAndYear_setting -->
  <testcase classname="TestCases.HomeLoanEMICalculator_Test" name="setting_OneTimeExpenses" time="0.001">
    <skipped/>
  </testcase> <!-- setting_OneTimeExpenses -->
  <testcase classname="TestCases.HomeLoanEMICalculator_Test" name="propertyTaxesperyear" time="0.0">
    <skipped/>
  </testcase> <!-- propertyTaxesperyear -->
  <testcase classname="TestCases.HomeLoanEMICalculator_Test" name="HomeInsurancePerYear_setting" time="0.0">
    <skipped/>
  </testcase> <!-- HomeInsurancePerYear_setting -->
  <testcase classname="TestCases.HomeLoanEMICalculator_Test" name="SettingMaintenanceExpenses" time="0.0">
    <skipped/>
  </testcase> <!-- SettingMaintenanceExpenses -->
  <testcase classname="TestCases.HomeLoanEMICalculator_Test" name="implementing_ExcelMethods_toStoreData" time="0.0">
    <skipped/>
  </testcase> <!-- implementing_ExcelMethods_toStoreData -->
  <testcase classname="TestCases.HomeLoanEMICalculator_Test" name="Navigation_toNextPage" time="0.0">
    <skipped/>
  </testcase> <!-- Navigation_toNextPage -->
  <testcase classname="TestCases.UI_CheckForLoanAmountCalculators" name="validation_Of_EMI_Calculator" time="0.0">
    <skipped/>
  </testcase> <!-- validation_Of_EMI_Calculator -->
  <testcase classname="TestCases.UI_CheckForLoanAmountCalculators" name="validationOf_Loan_Amount_Calculator" time="0.0">
    <skipped/>
  </testcase> <!-- validationOf_Loan_Amount_Calculator -->
  <testcase classname="TestCases.UI_CheckForLoanAmountCalculators" name="validationOf_Loan_Tenure_Calculator" time="0.0">
    <skipped/>
  </testcase> <!-- validationOf_Loan_Tenure_Calculator -->
  <testcase classname="TestCases.UI_CheckForLoanAmountCalculators" name="validationOf_Loan_Interest_Calculator" time="0.0">
    <skipped/>
  </testcase> <!-- validationOf_Loan_Interest_Calculator -->
  <testcase classname="TestCases.UI_CheckForLoanAmountCalculators" name="does_setingLoan_Amount" time="0.0">
    <skipped/>
  </testcase> <!-- does_setingLoan_Amount -->
  <testcase classname="TestCases.UI_CheckForLoanAmountCalculators" name="does_setingLoan_Interest_Rate" time="0.0">
    <skipped/>
  </testcase> <!-- does_setingLoan_Interest_Rate -->
  <testcase classname="TestCases.UI_CheckForLoanAmountCalculators" name="LoanTennure_CalculatorIs_Present_Validation" time="0.0">
    <skipped/>
  </testcase> <!-- LoanTennure_CalculatorIs_Present_Validation -->
  <testcase classname="TestCases.UI_CheckForLoanAmountCalculators" name="does_setingLoan_FeesAndCharges" time="0.0">
    <skipped/>
  </testcase> <!-- does_setingLoan_FeesAndCharges -->
  <testcase classname="TestCases.UI_CheckForLoanEMICalc" name="needTo_setLoan_Amount" time="0.0">
    <skipped/>
  </testcase> <!-- needTo_setLoan_Amount -->
  <testcase classname="TestCases.UI_CheckForLoanEMICalc" name="needTo_setLoan_Interest_Rate" time="0.0">
    <skipped/>
  </testcase> <!-- needTo_setLoan_Interest_Rate -->
  <testcase classname="TestCases.UI_CheckForLoanEMICalc" name="needTo_setLoan_Tennure" time="0.0">
    <skipped/>
  </testcase> <!-- needTo_setLoan_Tennure -->
  <testcase classname="TestCases.UI_CheckForLoanEMICalc" name="needTo_setLoan_FeesAndCharges" time="0.0">
    <skipped/>
  </testcase> <!-- needTo_setLoan_FeesAndCharges -->
  <testcase classname="TestCases.UI_CheckForLoanEMICalc" name="needTo_NavigateToNxtPage" time="0.001">
    <skipped/>
  </testcase> <!-- needTo_NavigateToNxtPage -->
  <testcase classname="TestCases.UI_CheckForLoanTennureCalc" name="do_setsLoan_Amount" time="0.0">
    <skipped/>
  </testcase> <!-- do_setsLoan_Amount -->
  <testcase classname="TestCases.UI_CheckForLoanTennureCalc" name="do_setsEMI_Amount" time="0.0">
    <skipped/>
  </testcase> <!-- do_setsEMI_Amount -->
  <testcase classname="TestCases.UI_CheckForLoanTennureCalc" name="do_setsLoan_AmountInterest_RATE" time="0.0">
    <skipped/>
  </testcase> <!-- do_setsLoan_AmountInterest_RATE -->
  <testcase classname="TestCases.UI_CheckForLoanTennureCalc" name="do_setsFees_AND_Charges_Amount" time="0.0">
    <skipped/>
  </testcase> <!-- do_setsFees_AND_Charges_Amount -->
  <testcase classname="TestCases.UI_CheckForLoanTennureCalc" name="do_NavigateToNextPAGE" time="0.0">
    <skipped/>
  </testcase> <!-- do_NavigateToNextPAGE -->
  <testcase classname="TestCases.UI_CheckForInterestRATECalc" name="do_settingLoan_Amount" time="0.0">
    <skipped/>
  </testcase> <!-- do_settingLoan_Amount -->
  <testcase classname="TestCases.UI_CheckForInterestRATECalc" name="do_settingEMI_Amount" time="0.0">
    <skipped/>
  </testcase> <!-- do_settingEMI_Amount -->
  <testcase classname="TestCases.UI_CheckForInterestRATECalc" name="do_setingLoan_Tennure" time="0.0">
    <skipped/>
  </testcase> <!-- do_setingLoan_Tennure -->
  <testcase classname="TestCases.UI_CheckForInterestRATECalc" name="do_setingLoan_FeesAndCharges" time="0.0">
    <skipped/>
  </testcase> <!-- do_setingLoan_FeesAndCharges -->
  <testcase classname="TestCases.UI_CheckForInterestRATECalc" name="do_validation_Result" time="0.0">
    <skipped/>
  </testcase> <!-- do_validation_Result -->
</testsuite> <!-- Main -->
