<?xml version="1.0" encoding="UTF-8"?>
<!-- Generated by org.testng.reporters.JUnitReportReporter -->
<testsuite hostname="LTIN226766" failures="0" tests="40" name="TestCases.UI_CheckForInterestRATECalc" time="60.180" errors="1" timestamp="2024-02-06T14:33:42 IST" skipped="0">
  <testcase classname="TestCases.UI_CheckForInterestRATECalc" name="search_action" time="1.380"/>
  <testcase classname="TestCases.UI_CheckForInterestRATECalc" name="search" time="0.575"/>
  <testcase classname="TestCases.UI_CheckForInterestRATECalc" name="open_webpage" time="6.543"/>
  <testcase classname="TestCases.UI_CheckForInterestRATECalc" name="clickONCarloan" time="0.216"/>
  <testcase classname="TestCases.UI_CheckForInterestRATECalc" name="refreshPage" time="0.677"/>
  <testcase classname="TestCases.UI_CheckForInterestRATECalc" name="load_EMICalculator_LINK" time="9.259"/>
  <testcase classname="TestCases.UI_CheckForInterestRATECalc" name="HomeLoan_Validation" time="4.075"/>
  <testcase classname="TestCases.UI_CheckForInterestRATECalc" name="setHomeValue_InCalculator" time="0.210"/>
  <testcase classname="TestCases.UI_CheckForInterestRATECalc" name="setDownPayment_InCalculator" time="0.461"/>
  <testcase classname="TestCases.UI_CheckForInterestRATECalc" name="setting_LoanInsurance_Amount" time="0.161"/>
  <testcase classname="TestCases.UI_CheckForInterestRATECalc" name="Loan_Amt_Validation" time="0.059"/>
  <testcase classname="TestCases.UI_CheckForInterestRATECalc" name="set_Interest_Rate" time="0.231"/>
  <testcase classname="TestCases.UI_CheckForInterestRATECalc" name="Setting_Loan_Duration" time="0.390"/>
  <testcase classname="TestCases.UI_CheckForInterestRATECalc" name="Loan_charges_set" time="4.281"/>
  <testcase classname="TestCases.UI_CheckForInterestRATECalc" name="Loan_StartMonthAndYear_calenderOperations" time="0.114"/>
  <testcase classname="TestCases.UI_CheckForInterestRATECalc" name="LoanStartMonthAndYear_setting" time="0.188"/>
  <testcase classname="TestCases.UI_CheckForInterestRATECalc" name="setting_OneTimeExpenses" time="2.249"/>
  <testcase classname="TestCases.UI_CheckForInterestRATECalc" name="propertyTaxesperyear" time="2.254"/>
  <testcase classname="TestCases.UI_CheckForInterestRATECalc" name="HomeInsurancePerYear_setting" time="3.236"/>
  <testcase classname="TestCases.UI_CheckForInterestRATECalc" name="SettingMaintenanceExpenses" time="0.145"/>
  <testcase classname="TestCases.UI_CheckForInterestRATECalc" name="implementing_ExcelMethods_toStoreData" time="4.559"/>
  <testcase classname="TestCases.UI_CheckForInterestRATECalc" name="Navigation_toNextPage" time="2.827"/>
  <testcase classname="TestCases.UI_CheckForInterestRATECalc" name="validation_Of_EMI_Calculator" time="0.068"/>
  <testcase classname="TestCases.UI_CheckForInterestRATECalc" name="validationOf_Loan_Amount_Calculator" time="0.040"/>
  <testcase classname="TestCases.UI_CheckForInterestRATECalc" name="validationOf_Loan_Tenure_Calculator" time="0.047"/>
  <testcase classname="TestCases.UI_CheckForInterestRATECalc" name="validationOf_Loan_Interest_Calculator" time="0.046"/>
  <testcase classname="TestCases.UI_CheckForInterestRATECalc" name="does_setingLoan_Amount" time="0.150"/>
  <testcase classname="TestCases.UI_CheckForInterestRATECalc" name="does_setingLoan_Interest_Rate" time="0.219"/>
  <testcase classname="TestCases.UI_CheckForInterestRATECalc" name="LoanTennure_CalculatorIs_Present_Validation" time="0.238"/>
  <testcase classname="TestCases.UI_CheckForInterestRATECalc" name="does_setingLoan_FeesAndCharges" time="0.372"/>
  <testcase classname="TestCases.UI_CheckForInterestRATECalc" name="do_setsLoan_Amount" time="3.181"/>
  <testcase classname="TestCases.UI_CheckForInterestRATECalc" name="do_setsEMI_Amount" time="10.321">
    <error message="Expected condition failed: waiting for visibility of [[ChromeDriver: chrome on windows (739daf6da8bec25cdf4bf3aa21eb2cb7)] -&gt; xpath: //input[@id=&#039;loanemi&#039;]] (tried for 10 second(s) with 1000 milliseconds interval)
Build info: version: &#039;4.15.0&#039;, revision: &#039;1d14b5521b&#039;
System info: os.name: &#039;Windows 11&#039;, os.arch: &#039;amd64&#039;, os.version: &#039;10.0&#039;, java.version: &#039;17.0.9&#039;
Driver info: driver.version: unknown" type="org.openqa.selenium.TimeoutException">
      <![CDATA[org.openqa.selenium.TimeoutException: Expected condition failed: waiting for visibility of [[ChromeDriver: chrome on windows (739daf6da8bec25cdf4bf3aa21eb2cb7)] -> xpath: //input[@id='loanemi']] (tried for 10 second(s) with 1000 milliseconds interval)
Build info: version: '4.15.0', revision: '1d14b5521b'
System info: os.name: 'Windows 11', os.arch: 'amd64', os.version: '10.0', java.version: '17.0.9'
Driver info: driver.version: unknown
at org.openqa.selenium.support.ui.FluentWait.timeoutException(FluentWait.java:261)
at org.openqa.selenium.support.ui.FluentWait.until(FluentWait.java:229)
at PageObjects.BasePage.fluentWait(BasePage.java:53)
at PageObjects.LOAN_Calculator_LoanTenureCalculator.setsEMI_Amount(LOAN_Calculator_LoanTenureCalculator.java:96)
at TestCases.UI_CheckForLoanTennureCalc.do_setsEMI_Amount(UI_CheckForLoanTennureCalc.java:38)
at java.base/jdk.internal.reflect.NativeMethodAccessorImpl.invoke0(Native Method)
at java.base/jdk.internal.reflect.NativeMethodAccessorImpl.invoke(NativeMethodAccessorImpl.java:77)
at java.base/jdk.internal.reflect.DelegatingMethodAccessorImpl.invoke(DelegatingMethodAccessorImpl.java:43)
at java.base/java.lang.reflect.Method.invoke(Method.java:568)
at org.testng.internal.invokers.MethodInvocationHelper.invokeMethod(MethodInvocationHelper.java:139)
at org.testng.internal.invokers.TestInvoker.invokeMethod(TestInvoker.java:664)
at org.testng.internal.invokers.TestInvoker.invokeTestMethod(TestInvoker.java:227)
at org.testng.internal.invokers.MethodRunner.runInSequence(MethodRunner.java:50)
at org.testng.internal.invokers.TestInvoker$MethodInvocationAgent.invoke(TestInvoker.java:957)
at org.testng.internal.invokers.TestInvoker.invokeTestMethods(TestInvoker.java:200)
at org.testng.internal.invokers.TestMethodWorker.invokeTestMethods(TestMethodWorker.java:148)
at org.testng.internal.invokers.TestMethodWorker.run(TestMethodWorker.java:128)
at java.base/java.util.ArrayList.forEach(ArrayList.java:1511)
at org.testng.TestRunner.privateRun(TestRunner.java:848)
at org.testng.TestRunner.run(TestRunner.java:621)
at org.testng.SuiteRunner.runTest(SuiteRunner.java:443)
at org.testng.SuiteRunner.runSequentially(SuiteRunner.java:437)
at org.testng.SuiteRunner.privateRun(SuiteRunner.java:397)
at org.testng.SuiteRunner.run(SuiteRunner.java:336)
at org.testng.SuiteRunnerWorker.runSuite(SuiteRunnerWorker.java:52)
at org.testng.SuiteRunnerWorker.run(SuiteRunnerWorker.java:95)
at org.testng.TestNG.runSuitesSequentially(TestNG.java:1280)
at org.testng.TestNG.runSuitesLocally(TestNG.java:1200)
at org.testng.TestNG.runSuites(TestNG.java:1114)
at org.testng.TestNG.run(TestNG.java:1082)
at org.testng.remote.AbstractRemoteTestNG.run(AbstractRemoteTestNG.java:115)
at org.testng.remote.RemoteTestNG.initAndRun(RemoteTestNG.java:251)
at org.testng.remote.RemoteTestNG.main(RemoteTestNG.java:77)
]]>
    </error>
  </testcase> <!-- do_setsEMI_Amount -->
  <testcase classname="TestCases.UI_CheckForInterestRATECalc" name="do_setsLoan_AmountInterest_RATE" time="0.250"/>
  <testcase classname="TestCases.UI_CheckForInterestRATECalc" name="do_setsFees_AND_Charges_Amount" time="0.223"/>
  <testcase classname="TestCases.UI_CheckForInterestRATECalc" name="do_NavigateToNextPAGE" time="0.063"/>
  <testcase classname="TestCases.UI_CheckForInterestRATECalc" name="do_settingLoan_Amount" time="0.182"/>
  <testcase classname="TestCases.UI_CheckForInterestRATECalc" name="do_settingEMI_Amount" time="0.241"/>
  <testcase classname="TestCases.UI_CheckForInterestRATECalc" name="do_setingLoan_Tennure" time="0.219"/>
  <testcase classname="TestCases.UI_CheckForInterestRATECalc" name="do_setingLoan_FeesAndCharges" time="0.203"/>
  <testcase classname="TestCases.UI_CheckForInterestRATECalc" name="do_validation_Result" time="0.027"/>
</testsuite> <!-- TestCases.UI_CheckForInterestRATECalc -->
