<?xml version="1.0" encoding="UTF-8"?>
<!-- Generated by org.testng.reporters.JUnitXMLReporter -->
<testsuite ignored="0" hostname="LTIN293180" failures="0" tests="6" name="Test" time="0.103" errors="0" timestamp="2024-01-15T14:37:10 IST">
  <testcase classname="testBase.BaseClass" name="@BeforeClass setup" time="-1.705309630636E9">
    <failure type="org.testng.TestNGException" message="
Parameter &amp;apos;os&amp;apos; is required by BeforeClass on method setup but has not been marked @Optional or defined
in C:\Users\2303452\eclipse-workspace\casProject\testng.xml">
      <![CDATA[org.testng.TestNGException: 
Parameter 'os' is required by BeforeClass on method setup but has not been marked @Optional or defined
in C:\Users\2303452\eclipse-workspace\casProject\testng.xml
at java.base/java.util.ArrayList.forEach(ArrayList.java:1511)
... Removed 22 stack frames]]>
    </failure>
  </testcase> <!-- @BeforeClass setup -->
  <testcase classname="testBase.BaseClass" name="@AfterClass tearDown" time="0.0">
    <skipped/>
  </testcase> <!-- @AfterClass tearDown -->
  <testcase classname="testCases.OneCogHomeTest" name="searchBoxTest" time="0.0">
    <skipped/>
  </testcase> <!-- searchBoxTest -->
  <testcase classname="testCases.BeCogHomeTest" name="userEleClickTest" time="0.0">
    <skipped/>
  </testcase> <!-- userEleClickTest -->
  <testcase classname="testCases.BeCogHomeTest" name="getUserNameTest" time="0.0">
    <skipped/>
  </testcase> <!-- getUserNameTest -->
  <testcase classname="testCases.BeCogHomeTest" name="getUserEmailTest" time="0.0">
    <skipped/>
  </testcase> <!-- getUserEmailTest -->
  <testcase classname="testCases.BeCogHomeTest" name="clickon1CTest" time="0.0">
    <skipped/>
  </testcase> <!-- clickon1CTest -->
  <testcase classname="testCases.BeCogHomeTest" name="swithTo1CTest" time="0.0">
    <skipped/>
  </testcase> <!-- swithTo1CTest -->
</testsuite> <!-- Test -->
